<?xml version="1.0" encoding="UTF-8"?>
<!-- Generated by org.testng.reporters.JUnitReportReporter -->
<testsuite skipped="0" hostname="DESKTOP-AJA0JKM" name="Request_chaining.PostandGetProject" tests="1" failures="0" timestamp="03 Jan 2023 06:51:33 GMT" time="8.503" errors="0">
  <testcase name="PostAndGet" time="8.503" classname="Request_chaining.PostandGetProject"/>
</testsuite> <!-- Request_chaining.PostandGetProject -->
