<?xml version="1.0" encoding="UTF-8"?>
<!-- Generated by org.testng.reporters.JUnitReportReporter -->
<testsuite skipped="0" hostname="DESKTOP-AJA0JKM" name="authentocation.Primitive_auth" tests="1" failures="0" timestamp="02 Jan 2023 10:43:25 GMT" time="5.426" errors="0">
  <testcase name="primitive" time="5.426" classname="authentocation.Primitive_auth"/>
</testsuite> <!-- authentocation.Primitive_auth -->
