<?xml version="1.0" encoding="UTF-8"?>
<!-- Generated by org.testng.reporters.JUnitReportReporter -->
<testsuite skipped="0" hostname="DESKTOP-AJA0JKM" name="Request_chaining.Basic_auth" tests="1" failures="0" timestamp="02 Jan 2023 10:39:32 GMT" time="5.606" errors="0">
  <testcase name="basicAuth" time="5.606" classname="Request_chaining.Basic_auth"/>
</testsuite> <!-- Request_chaining.Basic_auth -->
