<?xml version="1.0" encoding="UTF-8"?>
<!-- Generated by org.testng.reporters.JUnitReportReporter -->
<testsuite skipped="0" hostname="DESKTOP-AJA0JKM" name="crudOperationwithBDD.AddingBodytoGet" tests="1" failures="0" timestamp="28 Dec 2022 05:05:59 GMT" time="6.831" errors="0">
  <testcase name="addPro" time="6.831" classname="crudOperationwithBDD.AddingBodytoGet"/>
</testsuite> <!-- crudOperationwithBDD.AddingBodytoGet -->
