<?xml version="1.0" encoding="UTF-8"?>
<!-- Generated by org.testng.reporters.JUnitReportReporter -->
<testsuite skipped="0" hostname="DESKTOP-AJA0JKM" name="crudOperationwithBDD.GetProject" tests="1" failures="0" timestamp="27 Dec 2022 12:11:09 GMT" time="5.281" errors="0">
  <testcase name="getPro" time="5.281" classname="crudOperationwithBDD.GetProject"/>
</testsuite> <!-- crudOperationwithBDD.GetProject -->
