<?xml version="1.0" encoding="UTF-8"?>
<!-- Generated by org.testng.reporters.JUnitReportReporter -->
<testsuite skipped="0" hostname="DESKTOP-AJA0JKM" name="base_class_API_test_Cases.AddProject" tests="1" failures="0" timestamp="04 Jan 2023 07:48:58 GMT" time="4.145" errors="0">
  <testcase name="addPro" time="4.145" classname="base_class_API_test_Cases.AddProject"/>
</testsuite> <!-- base_class_API_test_Cases.AddProject -->
