<?xml version="1.0" encoding="UTF-8"?>
<!-- Generated by org.testng.reporters.JUnitReportReporter -->
<testsuite skipped="0" hostname="DESKTOP-AJA0JKM" name="crudOperationswithoutBDD.GetProject" tests="1" failures="0" timestamp="27 Dec 2022 07:24:59 GMT" time="4.831" errors="0">
  <testcase name="getProj" time="4.831" classname="crudOperationswithoutBDD.GetProject"/>
</testsuite> <!-- crudOperationswithoutBDD.GetProject -->
