<?xml version="1.0" encoding="UTF-8"?>
<!-- Generated by org.testng.reporters.JUnitReportReporter -->
<testsuite skipped="0" hostname="DESKTOP-AJA0JKM" name="base_class_API_test_Cases.Update_project" tests="1" failures="0" timestamp="04 Jan 2023 11:25:00 GMT" time="5.836" errors="0">
  <testcase name="Update_pro" time="5.836" classname="base_class_API_test_Cases.Update_project"/>
</testsuite> <!-- base_class_API_test_Cases.Update_project -->
