<?xml version="1.0" encoding="UTF-8"?>
<!-- Generated by org.testng.reporters.JUnitReportReporter -->
<testsuite skipped="0" hostname="DESKTOP-AJA0JKM" name="serializationAndDeserialization.SerializationofEmployeeDetails" tests="1" failures="0" timestamp="26 Dec 2022 09:58:26 GMT" time="0.722" errors="0">
  <testcase name="serializationofempdetails" time="0.722" classname="serializationAndDeserialization.SerializationofEmployeeDetails"/>
</testsuite> <!-- serializationAndDeserialization.SerializationofEmployeeDetails -->
