<?xml version="1.0" encoding="UTF-8"?>
<!-- Generated by org.testng.reporters.JUnitReportReporter -->
<testsuite skipped="0" hostname="DESKTOP-AJA0JKM" name="serializationAndDeserialization.DeserializationEmpDetails" tests="1" failures="0" timestamp="26 Dec 2022 12:00:27 GMT" time="0.509" errors="0">
  <testcase name="deserialization" time="0.509" classname="serializationAndDeserialization.DeserializationEmpDetails"/>
</testsuite> <!-- serializationAndDeserialization.DeserializationEmpDetails -->
