<?xml version="1.0" encoding="UTF-8"?>
<!-- Generated by org.testng.reporters.JUnitReportReporter -->
<testsuite skipped="0" hostname="DESKTOP-AJA0JKM" name="crudOperationwithBDD.DeleteProject" tests="1" failures="0" timestamp="28 Dec 2022 04:39:05 GMT" time="5.372" errors="0">
  <testcase name="Delete" time="5.372" classname="crudOperationwithBDD.DeleteProject"/>
</testsuite> <!-- crudOperationwithBDD.DeleteProject -->
