<?xml version="1.0" encoding="UTF-8"?>
<!-- Generated by org.testng.reporters.JUnitReportReporter -->
<testsuite skipped="0" hostname="DESKTOP-AJA0JKM" name="serializationAndDeserialization.DeserialzationOfObject" tests="1" failures="0" timestamp="26 Dec 2022 12:27:51 GMT" time="0.519" errors="0">
  <testcase name="deserial1" time="0.519" classname="serializationAndDeserialization.DeserialzationOfObject"/>
</testsuite> <!-- serializationAndDeserialization.DeserialzationOfObject -->
