<?xml version="1.0" encoding="UTF-8"?>
<!-- Generated by org.testng.reporters.JUnitReportReporter -->
<testsuite skipped="0" hostname="DESKTOP-AJA0JKM" name="authentocation.Bearer_tocken" tests="1" failures="0" timestamp="02 Jan 2023 11:01:00 GMT" time="8.324" errors="0">
  <testcase name="bearer_tocken" time="8.324" classname="authentocation.Bearer_tocken"/>
</testsuite> <!-- authentocation.Bearer_tocken -->
