<?xml version="1.0" encoding="UTF-8"?>
<!-- Generated by org.testng.reporters.JUnitReportReporter -->
<testsuite skipped="0" hostname="DESKTOP-AJA0JKM" name="base_class_API_test_Cases.DeleteProjects" tests="1" failures="0" timestamp="04 Jan 2023 10:25:47 GMT" time="4.730" errors="0">
  <testcase name="delPro" time="4.730" classname="base_class_API_test_Cases.DeleteProjects"/>
</testsuite> <!-- base_class_API_test_Cases.DeleteProjects -->
