<?xml version="1.0" encoding="UTF-8"?>
<!-- Generated by org.testng.reporters.JUnitReportReporter -->
<testsuite skipped="0" hostname="DESKTOP-AJA0JKM" name="base_class_API_test_Cases.GetSingleProject" tests="1" failures="0" timestamp="04 Jan 2023 10:24:22 GMT" time="4.859" errors="0">
  <testcase name="getPro" time="4.859" classname="base_class_API_test_Cases.GetSingleProject"/>
</testsuite> <!-- base_class_API_test_Cases.GetSingleProject -->
