<?xml version="1.0" encoding="UTF-8"?>
<!-- Generated by org.testng.reporters.JUnitReportReporter -->
<testsuite skipped="0" hostname="DESKTOP-AJA0JKM" name="crudOperationwithBDD.AddProduct2" tests="1" failures="0" timestamp="28 Dec 2022 07:31:03 GMT" time="6.524" errors="0">
  <testcase name="addPro" time="6.524" classname="crudOperationwithBDD.AddProduct2"/>
</testsuite> <!-- crudOperationwithBDD.AddProduct2 -->
