<?xml version="1.0" encoding="UTF-8"?>
<!-- Generated by org.testng.reporters.JUnitReportReporter -->
<testsuite skipped="0" hostname="DESKTOP-AJA0JKM" name="validateResponse.Dynamic_response" tests="1" failures="0" timestamp="29 Dec 2022 09:56:15 GMT" time="7.105" errors="0">
  <testcase name="getAllProject" time="7.105" classname="validateResponse.Dynamic_response"/>
</testsuite> <!-- validateResponse.Dynamic_response -->
