<?xml version="1.0" encoding="UTF-8"?>
<!-- Generated by org.testng.reporters.JUnitReportReporter -->
<testsuite skipped="0" hostname="DESKTOP-AJA0JKM" name="serializationAndDeserialization.SerailizationOfObject" tests="1" failures="0" timestamp="26 Dec 2022 10:26:12 GMT" time="0.524" errors="0">
  <testcase name="serailizationOfObj" time="0.524" classname="serializationAndDeserialization.SerailizationOfObject"/>
</testsuite> <!-- serializationAndDeserialization.SerailizationOfObject -->
