<?xml version="1.0" encoding="UTF-8"?>
<!-- Generated by org.testng.reporters.JUnitReportReporter -->
<testsuite skipped="0" hostname="DESKTOP-AJA0JKM" name="DifferentWaysToPostody.PostBodyUsingJSOnFILe" tests="1" failures="0" timestamp="29 Dec 2022 06:04:58 GMT" time="6.141" errors="0">
  <testcase name="addPro" time="6.141" classname="DifferentWaysToPostody.PostBodyUsingJSOnFILe"/>
</testsuite> <!-- DifferentWaysToPostody.PostBodyUsingJSOnFILe -->
