<?xml version="1.0" encoding="UTF-8"?>
<!-- Generated by org.testng.reporters.JUnitReportReporter -->
<testsuite skipped="0" hostname="DESKTOP-AJA0JKM" name="DifferentWaysToPostody.PostUsingPojoClass" tests="1" failures="0" timestamp="29 Dec 2022 05:56:41 GMT" time="6.786" errors="0">
  <testcase name="addPro" time="6.786" classname="DifferentWaysToPostody.PostUsingPojoClass"/>
</testsuite> <!-- DifferentWaysToPostody.PostUsingPojoClass -->
