<?xml version="1.0" encoding="UTF-8"?>
<!-- Generated by org.testng.reporters.JUnitReportReporter -->
<testsuite skipped="0" hostname="DESKTOP-AJA0JKM" name="validateResponse.Response_body_validation" tests="1" failures="0" timestamp="29 Dec 2022 11:52:15 GMT" time="5.354" errors="0">
  <testcase name="bodyValTest" time="5.354" classname="validateResponse.Response_body_validation"/>
</testsuite> <!-- validateResponse.Response_body_validation -->
