<?xml version="1.0" encoding="UTF-8"?>
<!-- Generated by org.testng.reporters.JUnitReportReporter -->
<testsuite skipped="0" hostname="DESKTOP-AJA0JKM" name="crudOperationswithoutBDD.Get_single_project" tests="1" failures="0" timestamp="27 Dec 2022 07:51:13 GMT" time="5.313" errors="0">
  <testcase name="getSingle" time="5.313" classname="crudOperationswithoutBDD.Get_single_project"/>
</testsuite> <!-- crudOperationswithoutBDD.Get_single_project -->
