<?xml version="1.0" encoding="UTF-8"?>
<!-- Generated by org.testng.reporters.JUnitReportReporter -->
<testsuite skipped="0" hostname="DESKTOP-AJA0JKM" name="endToendscenario.CreateProject" tests="1" failures="0" timestamp="04 Jan 2023 09:43:23 GMT" time="5.715" errors="0">
  <testcase name="project" time="5.715" classname="endToendscenario.CreateProject"/>
</testsuite> <!-- endToendscenario.CreateProject -->
