<?xml version="1.0" encoding="UTF-8"?>
<!-- Generated by org.testng.reporters.JUnitReportReporter -->
<testsuite skipped="0" hostname="DESKTOP-AJA0JKM" name="crudOperationwithBDD.Update" tests="1" failures="0" timestamp="27 Dec 2022 12:20:14 GMT" time="6.268" errors="0">
  <testcase name="updatepro" time="6.268" classname="crudOperationwithBDD.Update"/>
</testsuite> <!-- crudOperationwithBDD.Update -->
