<?xml version="1.0" encoding="UTF-8"?>
<!-- Generated by org.testng.reporters.JUnitReportReporter -->
<testsuite skipped="0" hostname="DESKTOP-AJA0JKM" name="authentocation.digistive_auth" tests="1" failures="0" timestamp="02 Jan 2023 10:46:14 GMT" time="5.445" errors="0">
  <testcase name="digestiveAuth" time="5.445" classname="authentocation.digistive_auth"/>
</testsuite> <!-- authentocation.digistive_auth -->
