<?xml version="1.0" encoding="UTF-8"?>
<!-- Generated by org.testng.reporters.JUnitReportReporter -->
<testsuite skipped="0" hostname="DESKTOP-AJA0JKM" name="crudOperationwithBDD.GetSingleProject" tests="1" failures="0" timestamp="27 Dec 2022 12:26:14 GMT" time="5.412" errors="0">
  <testcase name="allpro" time="5.412" classname="crudOperationwithBDD.GetSingleProject"/>
</testsuite> <!-- crudOperationwithBDD.GetSingleProject -->
