<?xml version="1.0" encoding="UTF-8"?>
<!-- Generated by org.testng.reporters.JUnitReportReporter -->
<testsuite skipped="0" hostname="DESKTOP-AJA0JKM" name="crudOperationwithBDD.AddingNumberInJSON" tests="1" failures="0" timestamp="28 Dec 2022 04:55:21 GMT" time="6.723" errors="0">
  <testcase name="addpro" time="6.723" classname="crudOperationwithBDD.AddingNumberInJSON"/>
</testsuite> <!-- crudOperationwithBDD.AddingNumberInJSON -->
