<?xml version="1.0" encoding="UTF-8"?>
<!-- Generated by org.testng.reporters.JUnitReportReporter -->
<testsuite skipped="0" hostname="DESKTOP-AJA0JKM" name="authentocation.bearer_tocken_get" tests="1" failures="0" timestamp="02 Jan 2023 11:09:46 GMT" time="7.271" errors="0">
  <testcase name="getrepo" time="7.271" classname="authentocation.bearer_tocken_get"/>
</testsuite> <!-- authentocation.bearer_tocken_get -->
