<?xml version="1.0" encoding="UTF-8"?>
<!-- Generated by org.testng.reporters.JUnitReportReporter -->
<testsuite skipped="0" hostname="DESKTOP-AJA0JKM" name="DifferentWaysToPostody.Posting_body_excel" tests="3" failures="0" timestamp="29 Dec 2022 10:51:35 GMT" time="6.251" errors="0">
  <testcase name="postingBodythroughExcel" time="0.183" classname="DifferentWaysToPostody.Posting_body_excel"/>
  <testcase name="postingBodythroughExcel" time="5.884" classname="DifferentWaysToPostody.Posting_body_excel"/>
  <testcase name="postingBodythroughExcel" time="0.184" classname="DifferentWaysToPostody.Posting_body_excel"/>
</testsuite> <!-- DifferentWaysToPostody.Posting_body_excel -->
