<?xml version="1.0" encoding="UTF-8"?>
<!-- Generated by org.testng.reporters.JUnitReportReporter -->
<testsuite skipped="0" hostname="DESKTOP-AJA0JKM" name="Parameters.Query_param" tests="1" failures="0" timestamp="02 Jan 2023 04:49:59 GMT" time="14.500" errors="0">
  <testcase name="queryPara" time="14.500" classname="Parameters.Query_param"/>
</testsuite> <!-- Parameters.Query_param -->
