<?xml version="1.0" encoding="UTF-8"?>
<!-- Generated by org.testng.reporters.JUnitReportReporter -->
<testsuite skipped="0" hostname="DESKTOP-AJA0JKM" name="authentocation.Oauth2" tests="1" failures="0" timestamp="03 Jan 2023 01:58:14 GMT" time="11.081" errors="0">
  <testcase name="oauth_2" time="11.081" classname="authentocation.Oauth2"/>
</testsuite> <!-- authentocation.Oauth2 -->
