<?xml version="1.0" encoding="UTF-8"?>
<!-- Generated by org.testng.reporters.JUnitReportReporter -->
<testsuite skipped="0" hostname="DESKTOP-AJA0JKM" name="crudOperationwithBDD.PassingHeaderInPrequiste" tests="1" failures="0" timestamp="28 Dec 2022 05:15:08 GMT" time="6.518" errors="0">
  <testcase name="addPro" time="6.518" classname="crudOperationwithBDD.PassingHeaderInPrequiste"/>
</testsuite> <!-- crudOperationwithBDD.PassingHeaderInPrequiste -->
