<?xml version="1.0" encoding="UTF-8"?>
<!-- Generated by org.testng.reporters.JUnitReportReporter -->
<testsuite skipped="0" hostname="DESKTOP-AJA0JKM" name="serializationAndDeserialization.DeserializationOfArray" tests="1" failures="0" timestamp="26 Dec 2022 12:19:07 GMT" time="0.525" errors="0">
  <testcase name="deserial" time="0.525" classname="serializationAndDeserialization.DeserializationOfArray"/>
</testsuite> <!-- serializationAndDeserialization.DeserializationOfArray -->
