<?xml version="1.0" encoding="UTF-8"?>
<!-- Generated by org.testng.reporters.JUnitReportReporter -->
<testsuite skipped="0" hostname="DESKTOP-AJA0JKM" name="crudOperationwithBDD.ChangingKeys" tests="1" failures="0" timestamp="28 Dec 2022 05:44:21 GMT" time="6.152" errors="0">
  <testcase name="addPro" time="6.152" classname="crudOperationwithBDD.ChangingKeys"/>
</testsuite> <!-- crudOperationwithBDD.ChangingKeys -->
