<?xml version="1.0" encoding="UTF-8"?>
<!-- Generated by org.testng.reporters.JUnitReportReporter -->
<testsuite skipped="0" hostname="DESKTOP-AJA0JKM" name="validateResponse.Response_header_validation" tests="1" failures="0" timestamp="29 Dec 2022 11:30:23 GMT" time="9.564" errors="0">
  <testcase name="validate" time="9.564" classname="validateResponse.Response_header_validation"/>
</testsuite> <!-- validateResponse.Response_header_validation -->
