<?xml version="1.0" encoding="UTF-8"?>
<!-- Generated by org.testng.reporters.JUnitReportReporter -->
<testsuite skipped="0" hostname="DESKTOP-AJA0JKM" name="dataProvider.DataProviderfor" tests="3" failures="0" timestamp="29 Dec 2022 07:33:48 GMT" time="6.665" errors="0">
  <testcase name="dataFromDataProvider" time="0.157" classname="dataProvider.DataProviderfor"/>
  <testcase name="dataFromDataProvider" time="0.367" classname="dataProvider.DataProviderfor"/>
  <testcase name="dataFromDataProvider" time="6.141" classname="dataProvider.DataProviderfor"/>
</testsuite> <!-- dataProvider.DataProviderfor -->
