<?xml version="1.0" encoding="UTF-8"?>
<!-- Generated by org.testng.reporters.JUnitReportReporter -->
<testsuite skipped="0" hostname="DESKTOP-AJA0JKM" name="DifferentWaysToPostody.PostBidyUsingHashMAp" tests="1" failures="0" timestamp="29 Dec 2022 06:05:20 GMT" time="6.713" errors="0">
  <testcase name="addPro" time="6.713" classname="DifferentWaysToPostody.PostBidyUsingHashMAp"/>
</testsuite> <!-- DifferentWaysToPostody.PostBidyUsingHashMAp -->
