<?xml version="1.0" encoding="UTF-8"?>
<!-- Generated by org.testng.reporters.JUnitReportReporter -->
<testsuite skipped="0" hostname="DESKTOP-AJA0JKM" name="serializationAndDeserialization.SerailzationOfEmpdetailsArray" tests="1" failures="0" timestamp="26 Dec 2022 10:13:51 GMT" time="0.560" errors="0">
  <testcase name="serailization" time="0.560" classname="serializationAndDeserialization.SerailzationOfEmpdetailsArray"/>
</testsuite> <!-- serializationAndDeserialization.SerailzationOfEmpdetailsArray -->
