<?xml version="1.0" encoding="UTF-8"?>
<!-- Generated by org.testng.reporters.JUnitReportReporter -->
<testsuite skipped="0" hostname="DESKTOP-AJA0JKM" name="write_resp__to_JSONfile.WriteResponseToJsonFile" tests="1" failures="0" timestamp="03 Jan 2023 08:03:07 GMT" time="5.144" errors="0">
  <testcase name="writeResp" time="5.144" classname="write_resp__to_JSONfile.WriteResponseToJsonFile"/>
</testsuite> <!-- write_resp__to_JSONfile.WriteResponseToJsonFile -->
