<?xml version="1.0" encoding="UTF-8"?>
<!-- Generated by org.testng.reporters.JUnitReportReporter -->
<testsuite skipped="0" hostname="DESKTOP-AJA0JKM" name="crudOperationwithBDD.Post_Multipart" tests="1" failures="0" timestamp="04 Jan 2023 05:43:24 GMT" time="8.816" errors="0">
  <testcase name="uploadimage" time="8.816" classname="crudOperationwithBDD.Post_Multipart"/>
</testsuite> <!-- crudOperationwithBDD.Post_Multipart -->
