<?xml version="1.0" encoding="UTF-8"?>
<!-- Generated by org.testng.reporters.JUnitReportReporter -->
<testsuite skipped="0" hostname="DESKTOP-AJA0JKM" name="validateResponse.StaticResponse" tests="1" failures="0" timestamp="29 Dec 2022 09:39:23 GMT" time="7.513" errors="0">
  <testcase name="getProject" time="7.513" classname="validateResponse.StaticResponse"/>
</testsuite> <!-- validateResponse.StaticResponse -->
