<?xml version="1.0" encoding="UTF-8"?>
<!-- Generated by org.testng.reporters.JUnitReportReporter -->
<testsuite skipped="0" hostname="DESKTOP-AJA0JKM" name="crudOperationswithoutBDD.DeleteProj" tests="1" failures="0" timestamp="28 Dec 2022 04:22:14 GMT" time="6.508" errors="0">
  <testcase name="delete" time="6.508" classname="crudOperationswithoutBDD.DeleteProj"/>
</testsuite> <!-- crudOperationswithoutBDD.DeleteProj -->
